0 info it worked if it ends with ok
1 verbose cli [ '/usr/bin/nodejs', '/usr/bin/npm', 'run', 'lint', '--fix' ]
2 info using npm@3.5.2
3 info using node@v4.2.6
4 verbose run-script [ 'prelint', 'lint', 'postlint' ]
5 info lifecycle tn_meteor@~prelint: tn_meteor@
6 silly lifecycle tn_meteor@~prelint: no script for prelint, continuing
7 info lifecycle tn_meteor@~lint: tn_meteor@
8 verbose lifecycle tn_meteor@~lint: unsafe-perm in lifecycle true
9 verbose lifecycle tn_meteor@~lint: PATH: /usr/share/npm/bin/node-gyp-bin:/home/cdr/Projects/foambook/node_modules/.bin:/usr/local/sbin:/usr/local/bin:/usr/sbin:/usr/bin:/sbin:/bin:/usr/games:/usr/local/games
10 verbose lifecycle tn_meteor@~lint: CWD: /home/cdr/Projects/foambook
11 silly lifecycle tn_meteor@~lint: Args: [ '-c', 'eslint .' ]
12 silly lifecycle tn_meteor@~lint: Returned: code: 1  signal: null
13 info lifecycle tn_meteor@~lint: Failed to exec lint script
14 verbose stack Error: tn_meteor@ lint: `eslint .`
14 verbose stack Exit status 1
14 verbose stack     at EventEmitter.<anonymous> (/usr/share/npm/lib/utils/lifecycle.js:232:16)
14 verbose stack     at emitTwo (events.js:87:13)
14 verbose stack     at EventEmitter.emit (events.js:172:7)
14 verbose stack     at ChildProcess.<anonymous> (/usr/share/npm/lib/utils/spawn.js:24:14)
14 verbose stack     at emitTwo (events.js:87:13)
14 verbose stack     at ChildProcess.emit (events.js:172:7)
14 verbose stack     at maybeClose (internal/child_process.js:821:16)
14 verbose stack     at Process.ChildProcess._handle.onexit (internal/child_process.js:211:5)
15 verbose pkgid tn_meteor@
16 verbose cwd /home/cdr/Projects/foambook
17 error Linux 4.8.17-galliumos
18 error argv "/usr/bin/nodejs" "/usr/bin/npm" "run" "lint" "--fix"
19 error node v4.2.6
20 error npm  v3.5.2
21 error code ELIFECYCLE
22 error tn_meteor@ lint: `eslint .`
22 error Exit status 1
23 error Failed at the tn_meteor@ lint script 'eslint .'.
23 error Make sure you have the latest version of node.js and npm installed.
23 error If you do, this is most likely a problem with the tn_meteor package,
23 error not with npm itself.
23 error Tell the author that this fails on your system:
23 error     eslint .
23 error You can get information on how to open an issue for this project with:
23 error     npm bugs tn_meteor
23 error Or if that isn't available, you can get their info via:
23 error     npm owner ls tn_meteor
23 error There is likely additional logging output above.
24 verbose exit [ 1, true ]
